<?xml version="1.0" encoding="UTF-8"?>
<testng-results ignored="0" total="7" passed="7" failed="0" skipped="0">
  <reporter-output>
  </reporter-output>
  <suite started-at="2024-05-26T13:58:24 IST" name="Suite" finished-at="2024-05-26T14:00:39 IST" duration-ms="134632">
    <groups>
    </groups>
    <test started-at="2024-05-26T13:58:24 IST" name="Test" finished-at="2024-05-26T14:00:39 IST" duration-ms="134632">
      <class name="testCases.ProductPriceTestCases">
        <test-method is-config="true" signature="openurl()[pri:0, instance:testCases.ProductPriceTestCases@7d64e326]" started-at="2024-05-26T13:58:24 IST" name="openurl" finished-at="2024-05-26T13:58:36 IST" duration-ms="12262" status="PASS">
          <reporter-output>
          </reporter-output>
        </test-method> <!-- openurl -->
        <test-method signature="TC_PPP_001_VerifyProductPrice()[pri:0, instance:testCases.ProductPriceTestCases@7d64e326]" started-at="2024-05-26T13:58:36 IST" name="TC_PPP_001_VerifyProductPrice" finished-at="2024-05-26T13:58:49 IST" duration-ms="12238" status="PASS">
          <reporter-output>
          </reporter-output>
        </test-method> <!-- TC_PPP_001_VerifyProductPrice -->
        <test-method is-config="true" signature="afterTest()[pri:0, instance:testCases.ProductPriceTestCases@7d64e326]" started-at="2024-05-26T13:58:49 IST" name="afterTest" finished-at="2024-05-26T13:58:50 IST" duration-ms="1187" status="PASS">
          <reporter-output>
          </reporter-output>
        </test-method> <!-- afterTest -->
      </class> <!-- testCases.ProductPriceTestCases -->
      <class name="testCases.SearchTestCase">
        <test-method is-config="true" signature="openurl()[pri:0, instance:testCases.SearchTestCase@436bc36]" started-at="2024-05-26T14:00:13 IST" name="openurl" finished-at="2024-05-26T14:00:22 IST" duration-ms="8979" status="PASS">
          <reporter-output>
          </reporter-output>
        </test-method> <!-- openurl -->
        <test-method signature="TC_SF_001_VerifySearchProduct()[pri:0, instance:testCases.SearchTestCase@436bc36]" started-at="2024-05-26T14:00:22 IST" name="TC_SF_001_VerifySearchProduct" finished-at="2024-05-26T14:00:37 IST" duration-ms="15523" status="PASS">
          <reporter-output>
          </reporter-output>
        </test-method> <!-- TC_SF_001_VerifySearchProduct -->
        <test-method is-config="true" signature="afterTest()[pri:0, instance:testCases.SearchTestCase@436bc36]" started-at="2024-05-26T14:00:37 IST" name="afterTest" finished-at="2024-05-26T14:00:39 IST" duration-ms="1436" status="PASS">
          <reporter-output>
          </reporter-output>
        </test-method> <!-- afterTest -->
      </class> <!-- testCases.SearchTestCase -->
      <class name="testCases.AddandPaymentTestCases">
        <test-method is-config="true" signature="openurl()[pri:0, instance:testCases.AddandPaymentTestCases@49d3c823]" started-at="2024-05-26T13:59:13 IST" name="openurl" finished-at="2024-05-26T13:59:23 IST" duration-ms="9555" status="PASS">
          <reporter-output>
          </reporter-output>
        </test-method> <!-- openurl -->
        <test-method signature="TC_CO_001_VerifyBuyProduct()[pri:0, instance:testCases.AddandPaymentTestCases@49d3c823]" started-at="2024-05-26T13:59:23 IST" name="TC_CO_001_VerifyBuyProduct" finished-at="2024-05-26T14:00:00 IST" duration-ms="37888" status="PASS">
          <reporter-output>
          </reporter-output>
        </test-method> <!-- TC_CO_001_VerifyBuyProduct -->
        <test-method signature="TC_CO_002_VerifyAddToWishlistWithoutLogin()[pri:0, instance:testCases.AddandPaymentTestCases@49d3c823]" started-at="2024-05-26T14:00:00 IST" name="TC_CO_002_VerifyAddToWishlistWithoutLogin" finished-at="2024-05-26T14:00:12 IST" duration-ms="11286" status="PASS">
          <reporter-output>
          </reporter-output>
        </test-method> <!-- TC_CO_002_VerifyAddToWishlistWithoutLogin -->
        <test-method is-config="true" signature="afterTest()[pri:0, instance:testCases.AddandPaymentTestCases@49d3c823]" started-at="2024-05-26T14:00:12 IST" name="afterTest" finished-at="2024-05-26T14:00:13 IST" duration-ms="1041" status="PASS">
          <reporter-output>
          </reporter-output>
        </test-method> <!-- afterTest -->
      </class> <!-- testCases.AddandPaymentTestCases -->
      <class name="testCases.LoginTestCases">
        <test-method is-config="true" signature="openurl()[pri:0, instance:testCases.LoginTestCases@906d29b]" started-at="2024-05-26T13:58:50 IST" name="openurl" finished-at="2024-05-26T13:58:59 IST" duration-ms="9400" status="PASS">
          <reporter-output>
          </reporter-output>
        </test-method> <!-- openurl -->
        <test-method signature="TC_LF_001_VerifyLoginWithValidCredentials()[pri:-1, instance:testCases.LoginTestCases@906d29b]" started-at="2024-05-26T13:58:59 IST" name="TC_LF_001_VerifyLoginWithValidCredentials" finished-at="2024-05-26T13:59:05 IST" duration-ms="5304" status="PASS">
          <reporter-output>
          </reporter-output>
        </test-method> <!-- TC_LF_001_VerifyLoginWithValidCredentials -->
        <test-method signature="TC_LF_002_VerifyLoginWithInvalidCredentials()[pri:0, instance:testCases.LoginTestCases@906d29b]" started-at="2024-05-26T13:59:05 IST" name="TC_LF_002_VerifyLoginWithInvalidCredentials" finished-at="2024-05-26T13:59:07 IST" duration-ms="1976" status="PASS">
          <reporter-output>
          </reporter-output>
        </test-method> <!-- TC_LF_002_VerifyLoginWithInvalidCredentials -->
        <test-method signature="TC_LF_003_VerifySignOut()[pri:1, instance:testCases.LoginTestCases@906d29b]" started-at="2024-05-26T13:59:07 IST" name="TC_LF_003_VerifySignOut" finished-at="2024-05-26T13:59:12 IST" duration-ms="5508" status="PASS">
          <reporter-output>
          </reporter-output>
        </test-method> <!-- TC_LF_003_VerifySignOut -->
        <test-method is-config="true" signature="afterTest()[pri:0, instance:testCases.LoginTestCases@906d29b]" started-at="2024-05-26T13:59:12 IST" name="afterTest" finished-at="2024-05-26T13:59:13 IST" duration-ms="949" status="PASS">
          <reporter-output>
          </reporter-output>
        </test-method> <!-- afterTest -->
      </class> <!-- testCases.LoginTestCases -->
    </test> <!-- Test -->
  </suite> <!-- Suite -->
</testng-results>
