<?xml version="1.0" encoding="UTF-8"?>
<!-- Generated by org.testng.reporters.JUnitXMLReporter -->
<testsuite ignored="0" hostname="Ankit-PC" failures="0" tests="7" name="Test" time="86.169" errors="0" timestamp="2024-05-26T09:24:13 IST">
  <testcase classname="testCases.ProductPriceTestCases" name="VerifyProductPrice" time="6.728"/>
  <testcase classname="testCases.LoginTestCases" name="VerifyLoginWithValidCredentials" time="3.176"/>
  <testcase classname="testCases.LoginTestCases" name="VerifyLoginWithInvalidCredentials" time="1.58"/>
  <testcase classname="testCases.LoginTestCases" name="VerifySignOut" time="2.612"/>
  <testcase classname="testCases.AddandPaymentTestCases" name="VerifyAddToWishlistWithoutLogin" time="10.342"/>
  <testcase classname="testCases.AddandPaymentTestCases" name="VerifyBuyProduct" time="19.794"/>
  <testcase classname="testCases.SearchTestCase" name="VerifySearchProduct" time="3.172"/>
</testsuite> <!-- Test -->
