<?xml version="1.0" encoding="UTF-8"?>
<!-- Generated by org.testng.reporters.JUnitXMLReporter -->
<testsuite ignored="0" hostname="Ankit-PC" failures="0" tests="7" name="Test" time="78.395" errors="0" timestamp="2024-05-26T10:07:00 IST">
  <testcase classname="testCases.ProductPriceTestCases" name="VerifyProductPrice" time="6.353"/>
  <testcase classname="testCases.LoginTestCases" name="VerifyLoginWithValidCredentials" time="2.988"/>
  <testcase classname="testCases.LoginTestCases" name="VerifyLoginWithInvalidCredentials" time="1.261"/>
  <testcase classname="testCases.LoginTestCases" name="VerifySignOut" time="2.803"/>
  <testcase classname="testCases.AddandPaymentTestCases" name="VerifyAddToWishlistWithoutLogin" time="9.834"/>
  <testcase classname="testCases.AddandPaymentTestCases" name="VerifyBuyProduct" time="17.966"/>
  <testcase classname="testCases.SearchTestCase" name="VerifySearchProduct" time="3.108"/>
</testsuite> <!-- Test -->
